Determining if the pthread_create exist failed with the following output:
Change Dir: /home/artparkintern/catkin_ws/build/kuka_kr210_support/CMakeFiles/CMakeTmp

Run Build Command:"/usr/bin/make" "cmTC_3baca/fast"
/usr/bin/make -f CMakeFiles/cmTC_3baca.dir/build.make CMakeFiles/cmTC_3baca.dir/build
make[1]: Entering directory '/home/artparkintern/catkin_ws/build/kuka_kr210_support/CMakeFiles/CMakeTmp'
Building C object CMakeFiles/cmTC_3baca.dir/CheckSymbolExists.c.o
/usr/bin/cc    -o CMakeFiles/cmTC_3baca.dir/CheckSymbolExists.c.o   -c /home/artparkintern/catkin_ws/build/kuka_kr210_support/CMakeFiles/CMakeTmp/CheckSymbolExists.c
Linking C executable cmTC_3baca
/usr/bin/cmake -E cmake_link_script CMakeFiles/cmTC_3baca.dir/link.txt --verbose=1
/usr/bin/cc      -rdynamic CMakeFiles/cmTC_3baca.dir/CheckSymbolExists.c.o  -o cmTC_3baca 
CMakeFiles/cmTC_3baca.dir/CheckSymbolExists.c.o: In function `main':
CheckSymbolExists.c:(.text+0x1b): undefined reference to `pthread_create'
collect2: error: ld returned 1 exit status
CMakeFiles/cmTC_3baca.dir/build.make:97: recipe for target 'cmTC_3baca' failed
make[1]: *** [cmTC_3baca] Error 1
make[1]: Leaving directory '/home/artparkintern/catkin_ws/build/kuka_kr210_support/CMakeFiles/CMakeTmp'
Makefile:126: recipe for target 'cmTC_3baca/fast' failed
make: *** [cmTC_3baca/fast] Error 2

File /home/artparkintern/catkin_ws/build/kuka_kr210_support/CMakeFiles/CMakeTmp/CheckSymbolExists.c:
/* */
#include <pthread.h>

int main(int argc, char** argv)
{
  (void)argv;
#ifndef pthread_create
  return ((int*)(&pthread_create))[argc];
#else
  (void)argc;
  return 0;
#endif
}

Determining if the function pthread_create exists in the pthreads failed with the following output:
Change Dir: /home/artparkintern/catkin_ws/build/kuka_kr210_support/CMakeFiles/CMakeTmp

Run Build Command:"/usr/bin/make" "cmTC_cac4a/fast"
/usr/bin/make -f CMakeFiles/cmTC_cac4a.dir/build.make CMakeFiles/cmTC_cac4a.dir/build
make[1]: Entering directory '/home/artparkintern/catkin_ws/build/kuka_kr210_support/CMakeFiles/CMakeTmp'
Building C object CMakeFiles/cmTC_cac4a.dir/CheckFunctionExists.c.o
/usr/bin/cc   -DCHECK_FUNCTION_EXISTS=pthread_create   -o CMakeFiles/cmTC_cac4a.dir/CheckFunctionExists.c.o   -c /usr/share/cmake-3.10/Modules/CheckFunctionExists.c
Linking C executable cmTC_cac4a
/usr/bin/cmake -E cmake_link_script CMakeFiles/cmTC_cac4a.dir/link.txt --verbose=1
/usr/bin/cc  -DCHECK_FUNCTION_EXISTS=pthread_create    -rdynamic CMakeFiles/cmTC_cac4a.dir/CheckFunctionExists.c.o  -o cmTC_cac4a -lpthreads 
/usr/bin/ld: cannot find -lpthreads
collect2: error: ld returned 1 exit status
CMakeFiles/cmTC_cac4a.dir/build.make:97: recipe for target 'cmTC_cac4a' failed
make[1]: *** [cmTC_cac4a] Error 1
make[1]: Leaving directory '/home/artparkintern/catkin_ws/build/kuka_kr210_support/CMakeFiles/CMakeTmp'
Makefile:126: recipe for target 'cmTC_cac4a/fast' failed
make: *** [cmTC_cac4a/fast] Error 2


