Determining if the pthread_create exist failed with the following output:
Change Dir: /home/artparkintern/catkin_ws/build/t2_examples/CMakeFiles/CMakeTmp

Run Build Command:"/usr/bin/make" "cmTC_36968/fast"
/usr/bin/make -f CMakeFiles/cmTC_36968.dir/build.make CMakeFiles/cmTC_36968.dir/build
make[1]: Entering directory '/home/artparkintern/catkin_ws/build/t2_examples/CMakeFiles/CMakeTmp'
Building C object CMakeFiles/cmTC_36968.dir/CheckSymbolExists.c.o
/usr/bin/cc    -o CMakeFiles/cmTC_36968.dir/CheckSymbolExists.c.o   -c /home/artparkintern/catkin_ws/build/t2_examples/CMakeFiles/CMakeTmp/CheckSymbolExists.c
Linking C executable cmTC_36968
/usr/bin/cmake -E cmake_link_script CMakeFiles/cmTC_36968.dir/link.txt --verbose=1
/usr/bin/cc      -rdynamic CMakeFiles/cmTC_36968.dir/CheckSymbolExists.c.o  -o cmTC_36968 
CMakeFiles/cmTC_36968.dir/CheckSymbolExists.c.o: In function `main':
CheckSymbolExists.c:(.text+0x1b): undefined reference to `pthread_create'
collect2: error: ld returned 1 exit status
CMakeFiles/cmTC_36968.dir/build.make:97: recipe for target 'cmTC_36968' failed
make[1]: *** [cmTC_36968] Error 1
make[1]: Leaving directory '/home/artparkintern/catkin_ws/build/t2_examples/CMakeFiles/CMakeTmp'
Makefile:126: recipe for target 'cmTC_36968/fast' failed
make: *** [cmTC_36968/fast] Error 2

File /home/artparkintern/catkin_ws/build/t2_examples/CMakeFiles/CMakeTmp/CheckSymbolExists.c:
/* */
#include <pthread.h>

int main(int argc, char** argv)
{
  (void)argv;
#ifndef pthread_create
  return ((int*)(&pthread_create))[argc];
#else
  (void)argc;
  return 0;
#endif
}

Determining if the function pthread_create exists in the pthreads failed with the following output:
Change Dir: /home/artparkintern/catkin_ws/build/t2_examples/CMakeFiles/CMakeTmp

Run Build Command:"/usr/bin/make" "cmTC_ff6dc/fast"
/usr/bin/make -f CMakeFiles/cmTC_ff6dc.dir/build.make CMakeFiles/cmTC_ff6dc.dir/build
make[1]: Entering directory '/home/artparkintern/catkin_ws/build/t2_examples/CMakeFiles/CMakeTmp'
Building C object CMakeFiles/cmTC_ff6dc.dir/CheckFunctionExists.c.o
/usr/bin/cc   -DCHECK_FUNCTION_EXISTS=pthread_create   -o CMakeFiles/cmTC_ff6dc.dir/CheckFunctionExists.c.o   -c /usr/share/cmake-3.10/Modules/CheckFunctionExists.c
Linking C executable cmTC_ff6dc
/usr/bin/cmake -E cmake_link_script CMakeFiles/cmTC_ff6dc.dir/link.txt --verbose=1
/usr/bin/cc  -DCHECK_FUNCTION_EXISTS=pthread_create    -rdynamic CMakeFiles/cmTC_ff6dc.dir/CheckFunctionExists.c.o  -o cmTC_ff6dc -lpthreads 
/usr/bin/ld: cannot find -lpthreads
collect2: error: ld returned 1 exit status
CMakeFiles/cmTC_ff6dc.dir/build.make:97: recipe for target 'cmTC_ff6dc' failed
make[1]: *** [cmTC_ff6dc] Error 1
make[1]: Leaving directory '/home/artparkintern/catkin_ws/build/t2_examples/CMakeFiles/CMakeTmp'
Makefile:126: recipe for target 'cmTC_ff6dc/fast' failed
make: *** [cmTC_ff6dc/fast] Error 2


